<?xml version="1.0" encoding="UTF-8"?>
<!-- Generated by org.testng.reporters.JUnitReportReporter -->
<testsuite hostname="DESKTOP-CRAHLF4" failures="0" tests="9" name="com.tms.dataPages.TC_LoginTest_001" time="13.282" errors="0" timestamp="2024-08-02T14:01:29 IST" skipped="0">
  <testcase classname="com.tms.dataPages.TC_LoginTest_001" name="passwordInputField" time="0.167"/>
  <system-out/>
  <testcase classname="com.tms.dataPages.TC_LoginTest_001" name="verifyCheckBox" time="0.141"/>
  <system-out/>
  <testcase classname="com.tms.dataPages.TC_LoginTest_001" name="loginTest" time="0.035"/>
  <system-out/>
  <testcase classname="com.tms.dataPages.TC_LoginTest_001" name="pageTitle" time="3.385"/>
  <system-out/>
  <testcase classname="com.tms.dataPages.TC_LoginTest_001" name="eyeIcon" time="0.117"/>
  <system-out/>
  <testcase classname="com.tms.dataPages.TC_LoginTest_001" name="verifyLoginButton" time="0.143"/>
  <system-out/>
  <testcase classname="com.tms.dataPages.TC_LoginTest_001" name="verifyHeader" time="3.777"/>
  <system-out/>
  <testcase classname="com.tms.dataPages.TC_LoginTest_001" name="usernameInputField" time="0.421"/>
  <system-out/>
  <testcase classname="com.tms.dataPages.TC_LoginTest_001" name="verifyLoginTitle" time="5.096"/>
  <system-out/>
</testsuite> <!-- com.tms.dataPages.TC_LoginTest_001 -->
